C:\USERS\CC\DESKTOP\PATHFINDING\PATH\PATH\DEBUG\ACTOR.OBJ
C:\USERS\CC\DESKTOP\PATHFINDING\PATH\PATH\DEBUG\GAMECONTROLLER.OBJ
C:\USERS\CC\DESKTOP\PATHFINDING\PATH\PATH\DEBUG\GAMEWORLD.OBJ
C:\USERS\CC\DESKTOP\PATHFINDING\PATH\PATH\DEBUG\MAIN.OBJ
C:\USERS\CC\DESKTOP\PATHFINDING\PATH\PATH\DEBUG\STUDENTWORLD.OBJ
C:\USERS\CC\DESKTOP\PATHFINDING\PATH\PATH\DEBUG\VC110.PDB
C:\USERS\CC\DESKTOP\PATHFINDING\PATH\DEBUG\PATH.ILK
C:\USERS\CC\DESKTOP\PATHFINDING\PATH\DEBUG\PATH.EXE
C:\USERS\CC\DESKTOP\PATHFINDING\PATH\DEBUG\PATH.PDB
C:\Users\cc\Desktop\pathfinding\path\path\Debug\Actor.obj
C:\Users\cc\Desktop\pathfinding\path\path\Debug\GameController.obj
C:\Users\cc\Desktop\pathfinding\path\path\Debug\GameWorld.obj
C:\Users\cc\Desktop\pathfinding\path\path\Debug\main.obj
C:\Users\cc\Desktop\pathfinding\path\path\Debug\StudentWorld.obj
C:\Users\cc\Desktop\pathfinding\path\path\Debug\cl.command.1.tlog
C:\Users\cc\Desktop\pathfinding\path\path\Debug\CL.read.1.tlog
C:\Users\cc\Desktop\pathfinding\path\path\Debug\CL.write.1.tlog
C:\Users\cc\Desktop\pathfinding\path\path\Debug\link-cvtres.read.1.tlog
C:\Users\cc\Desktop\pathfinding\path\path\Debug\link-cvtres.write.1.tlog
C:\Users\cc\Desktop\pathfinding\path\path\Debug\link-rc.read.1.tlog
C:\Users\cc\Desktop\pathfinding\path\path\Debug\link-rc.write.1.tlog
C:\Users\cc\Desktop\pathfinding\path\path\Debug\link.command.1.tlog
C:\Users\cc\Desktop\pathfinding\path\path\Debug\link.read.1.tlog
C:\Users\cc\Desktop\pathfinding\path\path\Debug\link.write.1.tlog
C:\Users\cc\Desktop\pathfinding\path\path\Debug\vc110.idb
C:\Users\cc\Desktop\pathfinding\path\path\Debug\vc110.pdb
C:\Users\cc\Desktop\pathfinding\path\Debug\path.pdb
C:\Users\cc\Desktop\pathfinding\path\Debug\path.exe
C:\Users\cc\Desktop\pathfinding\path\Debug\path.ilk
